<?xml version="1.0" encoding="UTF-8"?>
<!-- Generated by org.testng.reporters.JUnitXMLReporter -->
<testsuite ignored="2" hostname="WIN-JAQPS1QFQGF" failures="0" tests="2" name="Test" time="0.082" errors="0" timestamp="2024-07-04T18:46:47 EDT">
  <testcase classname="testng.NewTest" name="test1" time="0.012"/>
  <testcase classname="testng.NewTest2" name="test2" time="0.002"/>
  <testcase classname="testng.Base" name="@AfterTest afterTest" time="0.0">
    <ignored/>
  </testcase> <!-- @AfterTest afterTest -->
  <testcase classname="testng.Base" name="@BeforeTest beforeTest" time="0.0">
    <ignored/>
  </testcase> <!-- @BeforeTest beforeTest -->
</testsuite> <!-- Test -->
