<?xml version="1.0" encoding="UTF-8"?>
<!-- Generated by org.testng.reporters.JUnitXMLReporter -->
<testsuite ignored="2" hostname="WIN-JAQPS1QFQGF" failures="0" tests="2" name="Testing" time="0.048" errors="0" timestamp="2024-07-02T22:45:04 EDT">
  <testcase classname="testng.NewTest" name="test1" time="0.007"/>
  <testcase classname="testng.NewTest2" name="test2" time="0.002"/>
  <testcase classname="testng.Base" name="@AfterTest afterTest" time="0.0">
    <ignored/>
  </testcase> <!-- @AfterTest afterTest -->
  <testcase classname="testng.Base" name="@BeforeTest beforeTest" time="0.0">
    <ignored/>
  </testcase> <!-- @BeforeTest beforeTest -->
</testsuite> <!-- Testing -->
