<?xml version="1.0" encoding="UTF-8"?>
<testng-results ignored="0" total="1" passed="1" failed="0" skipped="0">
  <reporter-output>
  </reporter-output>
  <suite started-at="2024-07-04T23:02:35 EDT" name="Default suite" finished-at="2024-07-04T23:02:35 EDT" duration-ms="35">
    <groups>
    </groups>
    <test started-at="2024-07-04T23:02:35 EDT" name="Default test" finished-at="2024-07-04T23:02:35 EDT" duration-ms="35">
      <class name="testng.NewTest2">
        <test-method is-config="true" signature="beforeTest()[pri:0, instance:testng.NewTest2@2a798d51]" started-at="2024-07-04T23:02:35 EDT" name="beforeTest" finished-at="2024-07-04T23:02:35 EDT" duration-ms="6" status="PASS">
          <reporter-output>
          </reporter-output>
        </test-method> <!-- beforeTest -->
        <test-method is-config="true" signature="beforeClass()[pri:0, instance:testng.NewTest2@2a798d51]" started-at="2024-07-04T23:02:35 EDT" name="beforeClass" finished-at="2024-07-04T23:02:35 EDT" duration-ms="1" status="PASS">
          <reporter-output>
          </reporter-output>
        </test-method> <!-- beforeClass -->
        <test-method is-config="true" signature="beforeMethod()[pri:0, instance:testng.NewTest2@2a798d51]" started-at="2024-07-04T23:02:35 EDT" name="beforeMethod" finished-at="2024-07-04T23:02:35 EDT" duration-ms="0" status="PASS">
          <reporter-output>
          </reporter-output>
        </test-method> <!-- beforeMethod -->
        <test-method signature="test2()[pri:0, instance:testng.NewTest2@2a798d51]" started-at="2024-07-04T23:02:35 EDT" name="test2" finished-at="2024-07-04T23:02:35 EDT" duration-ms="6" status="PASS">
          <reporter-output>
          </reporter-output>
        </test-method> <!-- test2 -->
        <test-method is-config="true" signature="AfterMethod()[pri:0, instance:testng.NewTest2@2a798d51]" started-at="2024-07-04T23:02:35 EDT" name="AfterMethod" finished-at="2024-07-04T23:02:35 EDT" duration-ms="1" status="PASS">
          <reporter-output>
          </reporter-output>
        </test-method> <!-- AfterMethod -->
        <test-method is-config="true" signature="AfterClass()[pri:0, instance:testng.NewTest2@2a798d51]" started-at="2024-07-04T23:02:35 EDT" name="AfterClass" finished-at="2024-07-04T23:02:35 EDT" duration-ms="0" status="PASS">
          <reporter-output>
          </reporter-output>
        </test-method> <!-- AfterClass -->
        <test-method is-config="true" signature="afterTest()[pri:0, instance:testng.NewTest2@2a798d51]" started-at="2024-07-04T23:02:35 EDT" name="afterTest" finished-at="2024-07-04T23:02:35 EDT" duration-ms="0" status="PASS">
          <reporter-output>
          </reporter-output>
        </test-method> <!-- afterTest -->
      </class> <!-- testng.NewTest2 -->
    </test> <!-- Default test -->
  </suite> <!-- Default suite -->
</testng-results>
